2025-10-15 19:49:23,850 - INFO - __main__ 33 - Iniciando programa de optimización con log fechado
2025-10-15 19:49:23,850 - INFO - __main__ 36 - Configuración cargada desde YAML
2025-10-15 19:49:23,850 - INFO - __main__ 37 - STUDY_NAME: Modelo Final - Agrego Historicas (mismos hiperparametros)
2025-10-15 19:49:23,851 - INFO - __main__ 38 - DATA_PATH: ../data/competencia_03.csv
2025-10-15 19:49:23,851 - INFO - __main__ 39 - SEMILLA: [555557, 555871, 556219, 556459, 556691, 556903, 557159, 557399, 557597, 557861]
2025-10-15 19:49:23,851 - INFO - __main__ 40 - MES_TRAIN: [2021, 202102]
2025-10-15 19:49:23,851 - INFO - __main__ 41 - MESES_OPTIMIZACION: [2021, 202102, 202103, 202104]
2025-10-15 19:49:23,851 - INFO - __main__ 42 - MES_VALIDACION: 202103
2025-10-15 19:49:23,851 - INFO - __main__ 43 - MES_TEST: 202104
2025-10-15 19:49:23,851 - INFO - __main__ 44 - FINAL_TRAIN: [202101, 202102, 202103, 202104]
2025-10-15 19:49:23,851 - INFO - __main__ 45 - FINAL_PREDIC: 202106
2025-10-15 19:49:23,851 - INFO - __main__ 46 - GANANCIA_ACIERTO: 780000
2025-10-15 19:49:23,851 - INFO - __main__ 47 - COSTO_ESTIMULO: 20000
2025-10-15 19:49:23,851 - INFO - __main__ 48 - UMBRAL: 0.015
2025-10-15 19:49:23,851 - INFO - __main__ 49 - HIPERPARAMETROS: {'num_leaves': {'min': 20, 'max': 200, 'type': 'int'}, 'learning_rate': {'min': 0.005, 'max': 0.06, 'type': 'float'}, 'min_data_in_leaf': {'min': 300, 'max': 1000, 'type': 'int'}, 'feature_fraction': {'min': 0.15, 'max': 0.6, 'type': 'float'}, 'bagging_fraction': {'min': 0.15, 'max': 0.7, 'type': 'float'}, 'num_boost_round': {'min': 300, 'max': 1200, 'type': 'int'}}
2025-10-15 19:49:23,851 - INFO - __main__ 55 - === INICIANDO OPTIMIZACIÓN CON CONFIGURACIÓN YAML ===
2025-10-15 19:49:23,851 - INFO - loader 88 - Cargando dataset desde ../../../datasets/competencia_01_crudo.csv
2025-10-15 19:49:47,597 - INFO - loader 137 - Dataset cargado con 978439 filas y 155 columnas
2025-10-15 19:49:48,008 - INFO - __main__ 62 - Datos cargados: (978439, 155)
2025-10-15 19:49:48,577 - INFO - __name__ 223 - Variables TC_Total generadas. DataFrame resultante con 179 columnas
2025-10-15 19:49:58,255 - INFO - __name__ 29 - Realizando feature engineering con 1 lags para 215 atributos
2025-10-15 19:50:25,234 - INFO - __name__ 60 - Feature engineering completado. DataFrame resultante con 434 columnas
2025-10-15 19:50:25,255 - INFO - __name__ 29 - Realizando feature engineering con 2 lags para 215 atributos
2025-10-15 19:51:18,011 - INFO - __name__ 60 - Feature engineering completado. DataFrame resultante con 864 columnas
2025-10-15 19:51:18,043 - INFO - __name__ 85 - Realizando feature engineering con 1 deltas para 215 atributos
2025-10-15 19:52:21,167 - INFO - __name__ 116 - Feature engineering completado. DataFrame resultante con 1079 columnas
2025-10-15 19:52:21,202 - INFO - __name__ 85 - Realizando feature engineering con 2 deltas para 215 atributos
2025-10-15 19:54:22,200 - INFO - __name__ 116 - Feature engineering completado. DataFrame resultante con 1509 columnas
2025-10-15 19:54:22,270 - INFO - features 248 - Calculando slope con ventana móvil de 2 meses para 215 atributos
2025-10-15 19:56:59,369 - INFO - features 314 - Slope con ventana móvil calculado. DataFrame resultante con 1724 columnas
2025-10-15 19:56:59,424 - INFO - features 248 - Calculando slope con ventana móvil de 3 meses para 215 atributos
2025-10-15 20:02:09,145 - INFO - features 314 - Slope con ventana móvil calculado. DataFrame resultante con 1939 columnas
2025-10-15 20:02:51,747 - INFO - __main__ 144 - Feature Engineering completado: (978439, 1939)
2025-10-15 20:05:07,039 - INFO - loader 188 - Conversión completada:
2025-10-15 20:05:07,046 - INFO - loader 189 -   Mapeo utilizado: CONTINUA -> 0, BAJA+1 -> 1, BAJA+2 -> 1
2025-10-15 20:05:07,051 - INFO - loader 190 -   Original - CONTINUA: 642840, BAJA+1: 3434, BAJA+2: 3935
2025-10-15 20:05:07,053 - INFO - loader 191 -   Binario - 0: 642840, 1: 7369
2025-10-15 20:05:07,055 - INFO - loader 192 -   Distribución: 1.13% casos positivos
2025-10-15 20:05:07,196 - INFO - __main__ 188 - === EVALUACIÓN EN CONJUNTO DE TEST ===
2025-10-15 20:05:07,316 - INFO - config 29 - === EVALUACIÓN EN CONJUNTO DE TEST ===
2025-10-15 20:05:07,318 - INFO - config 30 - Período de test: 202104
2025-10-15 20:21:30,167 - INFO - config 520 - === Comparando 10 semillas ===
2025-10-15 20:21:30,169 - INFO - config 527 - 🔁 Semilla: 555557
2025-10-15 20:21:30,249 - INFO - config 29 - === EVALUACIÓN EN CONJUNTO DE TEST ===
2025-10-15 20:21:30,249 - INFO - config 30 - Período de test: 202104
2025-10-15 20:30:25,874 - INFO - grafico_test 25 - Calculando ganancia acumulada optimizada...
2025-10-15 20:30:26,023 - INFO - grafico_test 40 - Ganancia máxima: 372,620,000 en posición 9008
2025-10-15 20:30:26,023 - INFO - grafico_test 41 - Umbral óptimo: 0.038129
2025-10-15 20:30:26,023 - INFO - config 527 - 🔁 Semilla: 555871
2025-10-15 20:30:26,024 - INFO - config 29 - === EVALUACIÓN EN CONJUNTO DE TEST ===
2025-10-15 20:30:26,024 - INFO - config 30 - Período de test: 202104
2025-10-15 20:38:47,100 - INFO - grafico_test 25 - Calculando ganancia acumulada optimizada...
2025-10-15 20:38:47,112 - INFO - grafico_test 40 - Ganancia máxima: 373,900,000 en posición 9184
2025-10-15 20:38:47,112 - INFO - grafico_test 41 - Umbral óptimo: 0.038996
2025-10-15 20:38:47,113 - INFO - config 527 - 🔁 Semilla: 556219
2025-10-15 20:38:47,113 - INFO - config 29 - === EVALUACIÓN EN CONJUNTO DE TEST ===
2025-10-15 20:38:47,113 - INFO - config 30 - Período de test: 202104
2025-10-15 20:47:04,182 - INFO - grafico_test 25 - Calculando ganancia acumulada optimizada...
2025-10-15 20:47:04,196 - INFO - grafico_test 40 - Ganancia máxima: 372,520,000 en posición 8613
2025-10-15 20:47:04,196 - INFO - grafico_test 41 - Umbral óptimo: 0.041163
2025-10-15 20:47:04,196 - INFO - config 527 - 🔁 Semilla: 556459
2025-10-15 20:47:04,197 - INFO - config 29 - === EVALUACIÓN EN CONJUNTO DE TEST ===
2025-10-15 20:47:04,197 - INFO - config 30 - Período de test: 202104
2025-10-15 20:55:24,739 - INFO - grafico_test 25 - Calculando ganancia acumulada optimizada...
2025-10-15 20:55:24,752 - INFO - grafico_test 40 - Ganancia máxima: 368,040,000 en posición 9397
2025-10-15 20:55:24,753 - INFO - grafico_test 41 - Umbral óptimo: 0.039747
2025-10-15 20:55:24,753 - INFO - config 527 - 🔁 Semilla: 556691
2025-10-15 20:55:24,753 - INFO - config 29 - === EVALUACIÓN EN CONJUNTO DE TEST ===
2025-10-15 20:55:24,753 - INFO - config 30 - Período de test: 202104
2025-10-15 21:03:48,280 - INFO - grafico_test 25 - Calculando ganancia acumulada optimizada...
2025-10-15 21:03:48,297 - INFO - grafico_test 40 - Ganancia máxima: 375,020,000 en posición 8728
2025-10-15 21:03:48,297 - INFO - grafico_test 41 - Umbral óptimo: 0.039947
2025-10-15 21:03:48,298 - INFO - config 527 - 🔁 Semilla: 556903
2025-10-15 21:03:48,298 - INFO - config 29 - === EVALUACIÓN EN CONJUNTO DE TEST ===
2025-10-15 21:03:48,298 - INFO - config 30 - Período de test: 202104
2025-10-15 21:12:19,798 - INFO - grafico_test 25 - Calculando ganancia acumulada optimizada...
2025-10-15 21:12:19,813 - INFO - grafico_test 40 - Ganancia máxima: 371,500,000 en posición 7984
2025-10-15 21:12:19,813 - INFO - grafico_test 41 - Umbral óptimo: 0.045462
2025-10-15 21:12:19,813 - INFO - config 527 - 🔁 Semilla: 557159
2025-10-15 21:12:19,813 - INFO - config 29 - === EVALUACIÓN EN CONJUNTO DE TEST ===
2025-10-15 21:12:19,813 - INFO - config 30 - Período de test: 202104
2025-10-15 21:21:00,534 - INFO - grafico_test 25 - Calculando ganancia acumulada optimizada...
2025-10-15 21:21:00,552 - INFO - grafico_test 40 - Ganancia máxima: 373,040,000 en posición 8427
2025-10-15 21:21:00,553 - INFO - grafico_test 41 - Umbral óptimo: 0.040997
2025-10-15 21:21:00,553 - INFO - config 527 - 🔁 Semilla: 557399
2025-10-15 21:21:00,553 - INFO - config 29 - === EVALUACIÓN EN CONJUNTO DE TEST ===
2025-10-15 21:21:00,553 - INFO - config 30 - Período de test: 202104
2025-10-15 21:29:40,053 - INFO - grafico_test 25 - Calculando ganancia acumulada optimizada...
2025-10-15 21:29:40,065 - INFO - grafico_test 40 - Ganancia máxima: 371,640,000 en posición 8817
2025-10-15 21:29:40,065 - INFO - grafico_test 41 - Umbral óptimo: 0.038245
2025-10-15 21:29:40,065 - INFO - config 527 - 🔁 Semilla: 557597
2025-10-15 21:29:40,065 - INFO - config 29 - === EVALUACIÓN EN CONJUNTO DE TEST ===
2025-10-15 21:29:40,065 - INFO - config 30 - Período de test: 202104
2025-10-15 21:38:06,647 - INFO - grafico_test 25 - Calculando ganancia acumulada optimizada...
2025-10-15 21:38:06,671 - INFO - grafico_test 40 - Ganancia máxima: 372,660,000 en posición 10606
2025-10-15 21:38:06,671 - INFO - grafico_test 41 - Umbral óptimo: 0.031082
2025-10-15 21:38:06,672 - INFO - config 527 - 🔁 Semilla: 557861
2025-10-15 21:38:06,672 - INFO - config 29 - === EVALUACIÓN EN CONJUNTO DE TEST ===
2025-10-15 21:38:06,672 - INFO - config 30 - Período de test: 202104
2025-10-15 21:46:43,568 - INFO - grafico_test 25 - Calculando ganancia acumulada optimizada...
2025-10-15 21:46:43,580 - INFO - grafico_test 40 - Ganancia máxima: 370,200,000 en posición 8569
2025-10-15 21:46:43,580 - INFO - grafico_test 41 - Umbral óptimo: 0.041055
2025-10-15 21:46:49,718 - INFO - config 609 - ✅ Gráfico comparativo guardado: resultados/plots/Modelo Final - Agrego Historicas (mismos hiperparametros)_comparativo_semillas_20251015_214647.png
2025-10-15 21:47:03,101 - INFO - config 104 - Resultados de test guardados en resultados/Modelo Final - Agrego Historicas (mismos hiperparametros)_test_results.json
2025-10-15 21:47:03,101 - INFO - __main__ 220 - === RESUMEN DE EVALUACIÓN EN TEST ===
2025-10-15 21:47:03,101 - INFO - __main__ 221 - ✅ Ganancia en test: 2,147,140,000
2025-10-15 21:47:03,101 - INFO - __main__ 222 - 🎯 Predicciones positivas: 17,392 (10.64%)
2025-10-15 21:47:03,101 - INFO - __main__ 225 - === GRAFICO DE TEST ===
2025-10-15 21:47:05,231 - INFO - __main__ 234 - === GRAFICO DE TEST ===
2025-10-15 21:47:05,231 - INFO - grafico_test 58 - Generando gráfico de ganancia avanzado...
2025-10-15 21:47:05,231 - INFO - grafico_test 25 - Calculando ganancia acumulada optimizada...
2025-10-15 21:47:05,242 - INFO - grafico_test 40 - Ganancia máxima: 372,620,000 en posición 9008
2025-10-15 21:47:05,243 - INFO - grafico_test 41 - Umbral óptimo: 0.038129
2025-10-15 21:47:07,949 - INFO - grafico_test 149 - Gráfico avanzado guardado: resultados/plots/Modelo Final - Agrego Historicas (mismos hiperparametros)_ganancia_avanzado_20251015_214705.png
2025-10-15 21:47:07,949 - INFO - grafico_test 150 - Datos guardados: resultados/Modelo Final - Agrego Historicas (mismos hiperparametros)_datos_ganancia_20251015_214705.csv
2025-10-15 21:47:07,949 - INFO - __main__ 239 - === ENTRENAMIENTO FINAL ===
2025-10-15 21:47:07,949 - INFO - __main__ 240 - Preparar datos para entrenamiento final
2025-10-15 21:47:07,950 - INFO - final_training 23 - Preparando datos para entrenamiento final
2025-10-15 21:47:07,950 - INFO - final_training 24 - Períodos de entrenamiento: [202101, 202102, 202103, 202104]
2025-10-15 21:47:07,950 - INFO - final_training 25 - Período de predicción: 202106
2025-10-15 21:47:44,247 - INFO - final_training 50 - Features utilizadas: 1938
2025-10-15 21:47:44,250 - INFO - final_training 51 - Distribución del target - 0: 642,840, 1: 7,369
2025-10-15 21:47:44,255 - INFO - __main__ 244 - Entrenar modelo final
2025-10-15 21:47:44,255 - INFO - final_training 67 - Iniciando entrenamiento del modelo final
2025-10-15 21:47:44,255 - INFO - final_training 79 - Parámetros del modelo: {'objective': 'binary', 'metric': 'None', 'random_state': 555557, 'verbose': -1, 'extra_trees': False, 'num_leaves': 46, 'learning_rate': 0.016377657023274192, 'min_data_in_leaf': 710, 'feature_fraction': 0.2503218637353462, 'bagging_fraction': 0.2352773905721117, 'num_boost_round': 1000}
2025-10-15 21:56:19,463 - INFO - __main__ 248 - Generar predicciones finales
2025-10-15 21:56:19,466 - INFO - final_training 159 - Generando predicciones finales
2025-10-15 21:56:27,694 - INFO - final_training 232 - Importancia de las primeras 1000 variables guardada en 'feature_importance/feature_importance_Modelo Final - Agrego Historicas (mismos hiperparametros).csv'
2025-10-15 21:56:27,694 - INFO - final_training 180 - Predicciones con umbral generadas:
2025-10-15 21:56:27,694 - INFO - final_training 181 -   Total clientes: 164,313
2025-10-15 21:56:27,694 - INFO - final_training 182 -   Positivas: 17,770 (10.81%)
2025-10-15 21:56:27,694 - INFO - final_training 183 -   Umbral utilizado: 0.015
2025-10-15 21:56:27,696 - INFO - final_training 189 - Generando predicciones con top_k=12,000
2025-10-15 21:56:27,716 - INFO - final_training 201 -   Predicciones top_k generadas (K=12,000)
2025-10-15 21:56:27,717 - INFO - final_training 202 -   Máxima probabilidad: 0.9670
2025-10-15 21:56:27,717 - INFO - final_training 203 -   Mínima probabilidad dentro del top_k: 0.0252
2025-10-15 21:56:27,717 - INFO - __main__ 252 - Guardar predicciones
2025-10-15 21:56:27,866 - INFO - output_manager 32 - Predicciones (umbral) guardadas en: predict/Modelo Final - Agrego Historicas (mismos hiperparametros)_umbral_20251015_215627.csv
2025-10-15 21:56:27,866 - INFO - output_manager 33 -   Columnas: ['numero_de_cliente', 'predict']
2025-10-15 21:56:27,866 - INFO - output_manager 34 -   Registros: 164,313
2025-10-15 21:56:27,872 - INFO - output_manager 35 -   Primeras filas:
   numero_de_cliente  predict
0          249350768        0
1          249432306        0
2          249565688        0
3          249596175        0
4          249695645        1
2025-10-15 21:56:28,021 - INFO - output_manager 32 - Predicciones (top_k) guardadas en: predict/Modelo Final - Agrego Historicas (mismos hiperparametros)_top_k_20251015_215627.csv
2025-10-15 21:56:28,021 - INFO - output_manager 33 -   Columnas: ['numero_de_cliente', 'predict']
2025-10-15 21:56:28,021 - INFO - output_manager 34 -   Registros: 164,313
2025-10-15 21:56:28,024 - INFO - output_manager 35 -   Primeras filas:
        numero_de_cliente  predict
119174          507653834        1
59392          1016783779        1
86300           957781338        1
13257           469357652        1
153867         1303652009        1
2025-10-15 21:56:28,024 - INFO - __main__ 256 - === RESUMEN FINAL ===
2025-10-15 21:56:28,025 - INFO - __main__ 257 - Entrenamiento final completado exitosamente
2025-10-15 21:56:28,025 - INFO - __main__ 258 - Mejores hiperparámetros utilizados: {'num_leaves': 46, 'learning_rate': 0.016377657023274192, 'min_data_in_leaf': 710, 'feature_fraction': 0.2503218637353462, 'bagging_fraction': 0.2352773905721117, 'num_boost_round': 1000}
2025-10-15 21:56:28,025 - INFO - __main__ 259 - Períodos de entrenamiento: [202101, 202102, 202103, 202104]
2025-10-15 21:56:28,025 - INFO - __main__ 260 - Período de predicción: 202106
2025-10-15 21:56:28,025 - INFO - __main__ 261 - Archivo de salida: {'umbral': 'predict/Modelo Final - Agrego Historicas (mismos hiperparametros)_umbral_20251015_215627.csv', 'top_k': 'predict/Modelo Final - Agrego Historicas (mismos hiperparametros)_top_k_20251015_215627.csv'}
2025-10-15 21:56:28,025 - INFO - __main__ 262 - Log detallado: logs/log_Modelo Final - Agrego Historicas (mismos hiperparametros)_2025-10-15_19-49-23.log
2025-10-15 21:56:28,025 - INFO - __main__ 265 - >>> Ejecución finalizada. Revisar logs para mas detalles.
